{"C:\\Users\\denny\\OneDrive\\Desktop\\cosc 4353 project\\destiny\\Users.js": {"path":"C:\\Users\\denny\\OneDrive\\Desktop\\cosc 4353 project\\destiny\\Users.js","statementMap":{"0":{"start":{"line":1,"column":17},"end":{"line":1,"column":36}},"1":{"start":{"line":4,"column":19},"end":{"line":23,"column":2}},"2":{"start":{"line":25,"column":0},"end":{"line":25,"column":48}}},"fnMap":{},"branchMap":{},"s":{"0":1,"1":1,"2":1},"f":{},"b":{},"_coverageSchema":"1a1c01bbd47fc00a2c39e90264f33305004495a9","hash":"18e99e7240c74471fe29e255abb07eddd76989d9"}
}
