{"/Users/stevenduong/Documents/EDUCATION/UH/SPRING 2023/COSC4353 SW DESIGN/hw3/setting.js": {"path":"/Users/stevenduong/Documents/EDUCATION/UH/SPRING 2023/COSC4353 SW DESIGN/hw3/setting.js","statementMap":{"0":{"start":{"line":2,"column":19},"end":{"line":2,"column":41}},"1":{"start":{"line":3,"column":16},"end":{"line":3,"column":34}},"2":{"start":{"line":5,"column":17},"end":{"line":5,"column":36}},"3":{"start":{"line":6,"column":0},"end":{"line":6,"column":54}},"4":{"start":{"line":8,"column":20},"end":{"line":21,"column":2}},"5":{"start":{"line":23,"column":13},"end":{"line":23,"column":48}},"6":{"start":{"line":25,"column":13},"end":{"line":38,"column":2}},"7":{"start":{"line":50,"column":12},"end":{"line":50,"column":21}},"8":{"start":{"line":52,"column":0},"end":{"line":52,"column":30}},"9":{"start":{"line":53,"column":0},"end":{"line":53,"column":49}},"10":{"start":{"line":54,"column":0},"end":{"line":54,"column":24}},"11":{"start":{"line":55,"column":0},"end":{"line":55,"column":47}},"12":{"start":{"line":75,"column":0},"end":{"line":94,"column":3}},"13":{"start":{"line":76,"column":4},"end":{"line":93,"column":7}},"14":{"start":{"line":77,"column":19},"end":{"line":77,"column":28}},"15":{"start":{"line":79,"column":8},"end":{"line":91,"column":10}},"16":{"start":{"line":97,"column":0},"end":{"line":134,"column":3}},"17":{"start":{"line":98,"column":4},"end":{"line":100,"column":5}},"18":{"start":{"line":99,"column":8},"end":{"line":99,"column":72}},"19":{"start":{"line":101,"column":4},"end":{"line":103,"column":5}},"20":{"start":{"line":102,"column":8},"end":{"line":102,"column":69}},"21":{"start":{"line":104,"column":4},"end":{"line":106,"column":5}},"22":{"start":{"line":105,"column":8},"end":{"line":105,"column":69}},"23":{"start":{"line":107,"column":4},"end":{"line":109,"column":5}},"24":{"start":{"line":108,"column":8},"end":{"line":108,"column":63}},"25":{"start":{"line":110,"column":4},"end":{"line":112,"column":5}},"26":{"start":{"line":111,"column":8},"end":{"line":111,"column":65}},"27":{"start":{"line":113,"column":4},"end":{"line":115,"column":5}},"28":{"start":{"line":114,"column":8},"end":{"line":114,"column":69}},"29":{"start":{"line":116,"column":4},"end":{"line":118,"column":5}},"30":{"start":{"line":117,"column":8},"end":{"line":117,"column":71}},"31":{"start":{"line":119,"column":4},"end":{"line":121,"column":5}},"32":{"start":{"line":120,"column":8},"end":{"line":120,"column":71}},"33":{"start":{"line":122,"column":4},"end":{"line":124,"column":5}},"34":{"start":{"line":123,"column":8},"end":{"line":123,"column":75}},"35":{"start":{"line":125,"column":4},"end":{"line":127,"column":5}},"36":{"start":{"line":126,"column":8},"end":{"line":126,"column":76}},"37":{"start":{"line":128,"column":4},"end":{"line":130,"column":5}},"38":{"start":{"line":129,"column":8},"end":{"line":129,"column":61}},"39":{"start":{"line":133,"column":4},"end":{"line":133,"column":28}},"40":{"start":{"line":137,"column":0},"end":{"line":137,"column":71}},"41":{"start":{"line":137,"column":24},"end":{"line":137,"column":68}}},"fnMap":{"0":{"name":"(anonymous_0)","decl":{"start":{"line":75,"column":20},"end":{"line":75,"column":21}},"loc":{"start":{"line":75,"column":32},"end":{"line":94,"column":1}},"line":75},"1":{"name":"(anonymous_1)","decl":{"start":{"line":76,"column":21},"end":{"line":76,"column":22}},"loc":{"start":{"line":76,"column":40},"end":{"line":93,"column":5}},"line":76},"2":{"name":"(anonymous_2)","decl":{"start":{"line":97,"column":21},"end":{"line":97,"column":22}},"loc":{"start":{"line":97,"column":33},"end":{"line":134,"column":1}},"line":97},"3":{"name":"(anonymous_3)","decl":{"start":{"line":137,"column":17},"end":{"line":137,"column":18}},"loc":{"start":{"line":137,"column":23},"end":{"line":137,"column":69}},"line":137}},"branchMap":{"0":{"loc":{"start":{"line":98,"column":4},"end":{"line":100,"column":5}},"type":"if","locations":[{"start":{"line":98,"column":4},"end":{"line":100,"column":5}},{"start":{},"end":{}}],"line":98},"1":{"loc":{"start":{"line":101,"column":4},"end":{"line":103,"column":5}},"type":"if","locations":[{"start":{"line":101,"column":4},"end":{"line":103,"column":5}},{"start":{},"end":{}}],"line":101},"2":{"loc":{"start":{"line":104,"column":4},"end":{"line":106,"column":5}},"type":"if","locations":[{"start":{"line":104,"column":4},"end":{"line":106,"column":5}},{"start":{},"end":{}}],"line":104},"3":{"loc":{"start":{"line":107,"column":4},"end":{"line":109,"column":5}},"type":"if","locations":[{"start":{"line":107,"column":4},"end":{"line":109,"column":5}},{"start":{},"end":{}}],"line":107},"4":{"loc":{"start":{"line":110,"column":4},"end":{"line":112,"column":5}},"type":"if","locations":[{"start":{"line":110,"column":4},"end":{"line":112,"column":5}},{"start":{},"end":{}}],"line":110},"5":{"loc":{"start":{"line":113,"column":4},"end":{"line":115,"column":5}},"type":"if","locations":[{"start":{"line":113,"column":4},"end":{"line":115,"column":5}},{"start":{},"end":{}}],"line":113},"6":{"loc":{"start":{"line":116,"column":4},"end":{"line":118,"column":5}},"type":"if","locations":[{"start":{"line":116,"column":4},"end":{"line":118,"column":5}},{"start":{},"end":{}}],"line":116},"7":{"loc":{"start":{"line":119,"column":4},"end":{"line":121,"column":5}},"type":"if","locations":[{"start":{"line":119,"column":4},"end":{"line":121,"column":5}},{"start":{},"end":{}}],"line":119},"8":{"loc":{"start":{"line":122,"column":4},"end":{"line":124,"column":5}},"type":"if","locations":[{"start":{"line":122,"column":4},"end":{"line":124,"column":5}},{"start":{},"end":{}}],"line":122},"9":{"loc":{"start":{"line":125,"column":4},"end":{"line":127,"column":5}},"type":"if","locations":[{"start":{"line":125,"column":4},"end":{"line":127,"column":5}},{"start":{},"end":{}}],"line":125},"10":{"loc":{"start":{"line":128,"column":4},"end":{"line":130,"column":5}},"type":"if","locations":[{"start":{"line":128,"column":4},"end":{"line":130,"column":5}},{"start":{},"end":{}}],"line":128}},"s":{"0":1,"1":1,"2":1,"3":1,"4":1,"5":1,"6":1,"7":1,"8":1,"9":1,"10":1,"11":1,"12":1,"13":0,"14":0,"15":0,"16":1,"17":0,"18":0,"19":0,"20":0,"21":0,"22":0,"23":0,"24":0,"25":0,"26":0,"27":0,"28":0,"29":0,"30":0,"31":0,"32":0,"33":0,"34":0,"35":0,"36":0,"37":0,"38":0,"39":0,"40":1,"41":0},"f":{"0":0,"1":0,"2":0,"3":0},"b":{"0":[0,0],"1":[0,0],"2":[0,0],"3":[0,0],"4":[0,0],"5":[0,0],"6":[0,0],"7":[0,0],"8":[0,0],"9":[0,0],"10":[0,0]},"_coverageSchema":"1a1c01bbd47fc00a2c39e90264f33305004495a9","hash":"2057f208dde4bed358b19cb8a9bf103bf172098d"}
}
