{"/Users/stevenduong/Documents/EDUCATION/UH/SPRING 2023/COSC4353 SW DESIGN/COSC4353-Final-project/LoginRegister/Users.js": {"path":"/Users/stevenduong/Documents/EDUCATION/UH/SPRING 2023/COSC4353 SW DESIGN/COSC4353-Final-project/LoginRegister/Users.js","statementMap":{"0":{"start":{"line":1,"column":17},"end":{"line":1,"column":36}},"1":{"start":{"line":8,"column":19},"end":{"line":62,"column":2}},"2":{"start":{"line":64,"column":0},"end":{"line":64,"column":48}}},"fnMap":{},"branchMap":{},"s":{"0":2,"1":2,"2":2},"f":{},"b":{},"_coverageSchema":"1a1c01bbd47fc00a2c39e90264f33305004495a9","hash":"6929dce022ae095acfd20c528f8682ca26e296f4"}
,"/Users/stevenduong/Documents/EDUCATION/UH/SPRING 2023/COSC4353 SW DESIGN/COSC4353-Final-project/LoginRegister/history.js": {"path":"/Users/stevenduong/Documents/EDUCATION/UH/SPRING 2023/COSC4353 SW DESIGN/COSC4353-Final-project/LoginRegister/history.js","statementMap":{"0":{"start":{"line":1,"column":17},"end":{"line":1,"column":36}},"1":{"start":{"line":3,"column":22},"end":{"line":12,"column":36}},"2":{"start":{"line":14,"column":0},"end":{"line":14,"column":67}}},"fnMap":{},"branchMap":{},"s":{"0":1,"1":1,"2":1},"f":{},"b":{},"_coverageSchema":"1a1c01bbd47fc00a2c39e90264f33305004495a9","hash":"cb23d023f07fb8824f3cf52dccdc45a5f7fd3294"}
,"/Users/stevenduong/Documents/EDUCATION/UH/SPRING 2023/COSC4353 SW DESIGN/COSC4353-Final-project/LoginRegister/passport-config.js": {"path":"/Users/stevenduong/Documents/EDUCATION/UH/SPRING 2023/COSC4353 SW DESIGN/COSC4353-Final-project/LoginRegister/passport-config.js","statementMap":{"0":{"start":{"line":1,"column":22},"end":{"line":1,"column":56}},"1":{"start":{"line":2,"column":15},"end":{"line":2,"column":32}},"2":{"start":{"line":3,"column":17},"end":{"line":3,"column":36}},"3":{"start":{"line":4,"column":13},"end":{"line":4,"column":31}},"4":{"start":{"line":5,"column":0},"end":{"line":5,"column":56}},"5":{"start":{"line":10,"column":12},"end":{"line":10,"column":14}},"6":{"start":{"line":11,"column":29},"end":{"line":49,"column":5}},"7":{"start":{"line":18,"column":20},"end":{"line":18,"column":50}},"8":{"start":{"line":19,"column":19},"end":{"line":19,"column":25}},"9":{"start":{"line":20,"column":8},"end":{"line":20,"column":25}},"10":{"start":{"line":25,"column":8},"end":{"line":30,"column":9}},"11":{"start":{"line":29,"column":12},"end":{"line":29,"column":78}},"12":{"start":{"line":31,"column":20},"end":{"line":31,"column":73}},"13":{"start":{"line":32,"column":8},"end":{"line":32,"column":19}},"14":{"start":{"line":33,"column":8},"end":{"line":33,"column":31}},"15":{"start":{"line":34,"column":8},"end":{"line":34,"column":25}},"16":{"start":{"line":37,"column":8},"end":{"line":48,"column":9}},"17":{"start":{"line":38,"column":12},"end":{"line":43,"column":13}},"18":{"start":{"line":39,"column":16},"end":{"line":39,"column":38}},"19":{"start":{"line":42,"column":16},"end":{"line":42,"column":72}},"20":{"start":{"line":45,"column":12},"end":{"line":45,"column":27}},"21":{"start":{"line":46,"column":12},"end":{"line":46,"column":26}},"22":{"start":{"line":50,"column":4},"end":{"line":50,"column":79}},"23":{"start":{"line":51,"column":4},"end":{"line":51,"column":60}},"24":{"start":{"line":51,"column":41},"end":{"line":51,"column":59}},"25":{"start":{"line":52,"column":4},"end":{"line":54,"column":6}},"26":{"start":{"line":53,"column":8},"end":{"line":53,"column":30}},"27":{"start":{"line":57,"column":0},"end":{"line":57,"column":27}}},"fnMap":{"0":{"name":"initialize","decl":{"start":{"line":8,"column":9},"end":{"line":8,"column":19}},"loc":{"start":{"line":8,"column":29},"end":{"line":55,"column":1}},"line":8},"1":{"name":"(anonymous_1)","decl":{"start":{"line":11,"column":29},"end":{"line":11,"column":30}},"loc":{"start":{"line":11,"column":61},"end":{"line":49,"column":5}},"line":11},"2":{"name":"(anonymous_2)","decl":{"start":{"line":51,"column":27},"end":{"line":51,"column":28}},"loc":{"start":{"line":51,"column":41},"end":{"line":51,"column":59}},"line":51},"3":{"name":"(anonymous_3)","decl":{"start":{"line":52,"column":29},"end":{"line":52,"column":30}},"loc":{"start":{"line":52,"column":42},"end":{"line":54,"column":5}},"line":52}},"branchMap":{"0":{"loc":{"start":{"line":25,"column":8},"end":{"line":30,"column":9}},"type":"if","locations":[{"start":{"line":25,"column":8},"end":{"line":30,"column":9}},{"start":{},"end":{}}],"line":25},"1":{"loc":{"start":{"line":38,"column":12},"end":{"line":43,"column":13}},"type":"if","locations":[{"start":{"line":38,"column":12},"end":{"line":43,"column":13}},{"start":{"line":40,"column":17},"end":{"line":43,"column":13}}],"line":38}},"s":{"0":1,"1":1,"2":1,"3":1,"4":1,"5":1,"6":1,"7":0,"8":0,"9":0,"10":0,"11":0,"12":0,"13":0,"14":0,"15":0,"16":0,"17":0,"18":0,"19":0,"20":0,"21":0,"22":1,"23":1,"24":0,"25":1,"26":0,"27":1},"f":{"0":1,"1":0,"2":0,"3":0},"b":{"0":[0,0],"1":[0,0]},"_coverageSchema":"1a1c01bbd47fc00a2c39e90264f33305004495a9","hash":"e2333c2833af38209a92c48b6f5f4547fa945c57"}
,"/Users/stevenduong/Documents/EDUCATION/UH/SPRING 2023/COSC4353 SW DESIGN/COSC4353-Final-project/LoginRegister/setting.js": {"path":"/Users/stevenduong/Documents/EDUCATION/UH/SPRING 2023/COSC4353 SW DESIGN/COSC4353-Final-project/LoginRegister/setting.js","statementMap":{"0":{"start":{"line":1,"column":0},"end":{"line":3,"column":1}},"1":{"start":{"line":2,"column":4},"end":{"line":2,"column":30}},"2":{"start":{"line":8,"column":16},"end":{"line":8,"column":34}},"3":{"start":{"line":9,"column":12},"end":{"line":9,"column":21}},"4":{"start":{"line":12,"column":15},"end":{"line":12,"column":32}},"5":{"start":{"line":13,"column":17},"end":{"line":13,"column":36}},"6":{"start":{"line":14,"column":27},"end":{"line":14,"column":55}},"7":{"start":{"line":15,"column":14},"end":{"line":15,"column":38}},"8":{"start":{"line":16,"column":16},"end":{"line":16,"column":42}},"9":{"start":{"line":18,"column":22},"end":{"line":18,"column":48}},"10":{"start":{"line":19,"column":16},"end":{"line":19,"column":35}},"11":{"start":{"line":20,"column":19},"end":{"line":20,"column":41}},"12":{"start":{"line":22,"column":13},"end":{"line":22,"column":31}},"13":{"start":{"line":25,"column":0},"end":{"line":25,"column":56}},"14":{"start":{"line":26,"column":0},"end":{"line":26,"column":30}},"15":{"start":{"line":31,"column":0},"end":{"line":37,"column":5}},"16":{"start":{"line":41,"column":0},"end":{"line":41,"column":45}},"17":{"start":{"line":42,"column":0},"end":{"line":42,"column":16}},"18":{"start":{"line":43,"column":0},"end":{"line":47,"column":3}},"19":{"start":{"line":49,"column":0},"end":{"line":49,"column":24}},"20":{"start":{"line":50,"column":0},"end":{"line":50,"column":30}},"21":{"start":{"line":51,"column":0},"end":{"line":51,"column":27}},"22":{"start":{"line":52,"column":0},"end":{"line":52,"column":34}},"23":{"start":{"line":53,"column":0},"end":{"line":53,"column":49}},"24":{"start":{"line":54,"column":0},"end":{"line":54,"column":34}},"25":{"start":{"line":55,"column":0},"end":{"line":55,"column":58}},"26":{"start":{"line":60,"column":0},"end":{"line":84,"column":3}},"27":{"start":{"line":61,"column":19},"end":{"line":61,"column":55}},"28":{"start":{"line":65,"column":3},"end":{"line":65,"column":23}},"29":{"start":{"line":66,"column":3},"end":{"line":83,"column":6}},"30":{"start":{"line":67,"column":18},"end":{"line":67,"column":27}},"31":{"start":{"line":69,"column":7},"end":{"line":81,"column":9}},"32":{"start":{"line":87,"column":0},"end":{"line":148,"column":3}},"33":{"start":{"line":88,"column":18},"end":{"line":88,"column":54}},"34":{"start":{"line":89,"column":3},"end":{"line":93,"column":4}},"35":{"start":{"line":90,"column":7},"end":{"line":92,"column":9}},"36":{"start":{"line":91,"column":11},"end":{"line":91,"column":49}},"37":{"start":{"line":94,"column":3},"end":{"line":98,"column":4}},"38":{"start":{"line":95,"column":7},"end":{"line":97,"column":9}},"39":{"start":{"line":96,"column":11},"end":{"line":96,"column":49}},"40":{"start":{"line":99,"column":3},"end":{"line":103,"column":4}},"41":{"start":{"line":100,"column":7},"end":{"line":102,"column":10}},"42":{"start":{"line":101,"column":11},"end":{"line":101,"column":49}},"43":{"start":{"line":104,"column":3},"end":{"line":108,"column":4}},"44":{"start":{"line":105,"column":7},"end":{"line":107,"column":10}},"45":{"start":{"line":106,"column":11},"end":{"line":106,"column":49}},"46":{"start":{"line":109,"column":3},"end":{"line":113,"column":4}},"47":{"start":{"line":110,"column":7},"end":{"line":112,"column":10}},"48":{"start":{"line":111,"column":11},"end":{"line":111,"column":49}},"49":{"start":{"line":114,"column":3},"end":{"line":118,"column":4}},"50":{"start":{"line":115,"column":7},"end":{"line":117,"column":10}},"51":{"start":{"line":116,"column":11},"end":{"line":116,"column":49}},"52":{"start":{"line":119,"column":3},"end":{"line":123,"column":4}},"53":{"start":{"line":120,"column":7},"end":{"line":122,"column":10}},"54":{"start":{"line":121,"column":11},"end":{"line":121,"column":49}},"55":{"start":{"line":124,"column":3},"end":{"line":129,"column":4}},"56":{"start":{"line":125,"column":30},"end":{"line":125,"column":72}},"57":{"start":{"line":126,"column":7},"end":{"line":128,"column":10}},"58":{"start":{"line":127,"column":11},"end":{"line":127,"column":49}},"59":{"start":{"line":130,"column":3},"end":{"line":134,"column":4}},"60":{"start":{"line":131,"column":7},"end":{"line":133,"column":10}},"61":{"start":{"line":132,"column":11},"end":{"line":132,"column":49}},"62":{"start":{"line":135,"column":3},"end":{"line":139,"column":4}},"63":{"start":{"line":136,"column":7},"end":{"line":138,"column":10}},"64":{"start":{"line":137,"column":11},"end":{"line":137,"column":49}},"65":{"start":{"line":140,"column":3},"end":{"line":144,"column":4}},"66":{"start":{"line":141,"column":7},"end":{"line":143,"column":10}},"67":{"start":{"line":142,"column":11},"end":{"line":142,"column":49}},"68":{"start":{"line":146,"column":3},"end":{"line":146,"column":27}},"69":{"start":{"line":151,"column":0},"end":{"line":151,"column":71}},"70":{"start":{"line":151,"column":24},"end":{"line":151,"column":68}}},"fnMap":{"0":{"name":"(anonymous_0)","decl":{"start":{"line":60,"column":20},"end":{"line":60,"column":21}},"loc":{"start":{"line":60,"column":32},"end":{"line":84,"column":1}},"line":60},"1":{"name":"(anonymous_1)","decl":{"start":{"line":66,"column":36},"end":{"line":66,"column":37}},"loc":{"start":{"line":66,"column":55},"end":{"line":83,"column":4}},"line":66},"2":{"name":"(anonymous_2)","decl":{"start":{"line":87,"column":21},"end":{"line":87,"column":22}},"loc":{"start":{"line":87,"column":39},"end":{"line":148,"column":1}},"line":87},"3":{"name":"(anonymous_3)","decl":{"start":{"line":90,"column":77},"end":{"line":90,"column":78}},"loc":{"start":{"line":90,"column":81},"end":{"line":92,"column":8}},"line":90},"4":{"name":"(anonymous_4)","decl":{"start":{"line":95,"column":79},"end":{"line":95,"column":80}},"loc":{"start":{"line":95,"column":83},"end":{"line":97,"column":8}},"line":95},"5":{"name":"(anonymous_5)","decl":{"start":{"line":100,"column":78},"end":{"line":100,"column":79}},"loc":{"start":{"line":100,"column":82},"end":{"line":102,"column":8}},"line":100},"6":{"name":"(anonymous_6)","decl":{"start":{"line":105,"column":72},"end":{"line":105,"column":73}},"loc":{"start":{"line":105,"column":76},"end":{"line":107,"column":8}},"line":105},"7":{"name":"(anonymous_7)","decl":{"start":{"line":110,"column":74},"end":{"line":110,"column":75}},"loc":{"start":{"line":110,"column":78},"end":{"line":112,"column":8}},"line":110},"8":{"name":"(anonymous_8)","decl":{"start":{"line":115,"column":78},"end":{"line":115,"column":79}},"loc":{"start":{"line":115,"column":82},"end":{"line":117,"column":8}},"line":115},"9":{"name":"(anonymous_9)","decl":{"start":{"line":120,"column":81},"end":{"line":120,"column":82}},"loc":{"start":{"line":120,"column":85},"end":{"line":122,"column":8}},"line":120},"10":{"name":"(anonymous_10)","decl":{"start":{"line":126,"column":70},"end":{"line":126,"column":71}},"loc":{"start":{"line":126,"column":74},"end":{"line":128,"column":8}},"line":126},"11":{"name":"(anonymous_11)","decl":{"start":{"line":131,"column":84},"end":{"line":131,"column":85}},"loc":{"start":{"line":131,"column":88},"end":{"line":133,"column":8}},"line":131},"12":{"name":"(anonymous_12)","decl":{"start":{"line":136,"column":85},"end":{"line":136,"column":86}},"loc":{"start":{"line":136,"column":89},"end":{"line":138,"column":8}},"line":136},"13":{"name":"(anonymous_13)","decl":{"start":{"line":141,"column":70},"end":{"line":141,"column":71}},"loc":{"start":{"line":141,"column":74},"end":{"line":143,"column":8}},"line":141},"14":{"name":"(anonymous_14)","decl":{"start":{"line":151,"column":17},"end":{"line":151,"column":18}},"loc":{"start":{"line":151,"column":23},"end":{"line":151,"column":69}},"line":151}},"branchMap":{"0":{"loc":{"start":{"line":1,"column":0},"end":{"line":3,"column":1}},"type":"if","locations":[{"start":{"line":1,"column":0},"end":{"line":3,"column":1}},{"start":{},"end":{}}],"line":1},"1":{"loc":{"start":{"line":89,"column":3},"end":{"line":93,"column":4}},"type":"if","locations":[{"start":{"line":89,"column":3},"end":{"line":93,"column":4}},{"start":{},"end":{}}],"line":89},"2":{"loc":{"start":{"line":94,"column":3},"end":{"line":98,"column":4}},"type":"if","locations":[{"start":{"line":94,"column":3},"end":{"line":98,"column":4}},{"start":{},"end":{}}],"line":94},"3":{"loc":{"start":{"line":99,"column":3},"end":{"line":103,"column":4}},"type":"if","locations":[{"start":{"line":99,"column":3},"end":{"line":103,"column":4}},{"start":{},"end":{}}],"line":99},"4":{"loc":{"start":{"line":104,"column":3},"end":{"line":108,"column":4}},"type":"if","locations":[{"start":{"line":104,"column":3},"end":{"line":108,"column":4}},{"start":{},"end":{}}],"line":104},"5":{"loc":{"start":{"line":109,"column":3},"end":{"line":113,"column":4}},"type":"if","locations":[{"start":{"line":109,"column":3},"end":{"line":113,"column":4}},{"start":{},"end":{}}],"line":109},"6":{"loc":{"start":{"line":114,"column":3},"end":{"line":118,"column":4}},"type":"if","locations":[{"start":{"line":114,"column":3},"end":{"line":118,"column":4}},{"start":{},"end":{}}],"line":114},"7":{"loc":{"start":{"line":119,"column":3},"end":{"line":123,"column":4}},"type":"if","locations":[{"start":{"line":119,"column":3},"end":{"line":123,"column":4}},{"start":{},"end":{}}],"line":119},"8":{"loc":{"start":{"line":124,"column":3},"end":{"line":129,"column":4}},"type":"if","locations":[{"start":{"line":124,"column":3},"end":{"line":129,"column":4}},{"start":{},"end":{}}],"line":124},"9":{"loc":{"start":{"line":130,"column":3},"end":{"line":134,"column":4}},"type":"if","locations":[{"start":{"line":130,"column":3},"end":{"line":134,"column":4}},{"start":{},"end":{}}],"line":130},"10":{"loc":{"start":{"line":135,"column":3},"end":{"line":139,"column":4}},"type":"if","locations":[{"start":{"line":135,"column":3},"end":{"line":139,"column":4}},{"start":{},"end":{}}],"line":135},"11":{"loc":{"start":{"line":140,"column":3},"end":{"line":144,"column":4}},"type":"if","locations":[{"start":{"line":140,"column":3},"end":{"line":144,"column":4}},{"start":{},"end":{}}],"line":140}},"s":{"0":1,"1":1,"2":1,"3":1,"4":1,"5":1,"6":1,"7":1,"8":1,"9":1,"10":1,"11":1,"12":1,"13":1,"14":1,"15":1,"16":1,"17":1,"18":1,"19":1,"20":1,"21":1,"22":1,"23":1,"24":1,"25":1,"26":1,"27":0,"28":0,"29":0,"30":0,"31":0,"32":1,"33":0,"34":0,"35":0,"36":0,"37":0,"38":0,"39":0,"40":0,"41":0,"42":0,"43":0,"44":0,"45":0,"46":0,"47":0,"48":0,"49":0,"50":0,"51":0,"52":0,"53":0,"54":0,"55":0,"56":0,"57":0,"58":0,"59":0,"60":0,"61":0,"62":0,"63":0,"64":0,"65":0,"66":0,"67":0,"68":0,"69":1,"70":0},"f":{"0":0,"1":0,"2":0,"3":0,"4":0,"5":0,"6":0,"7":0,"8":0,"9":0,"10":0,"11":0,"12":0,"13":0,"14":0},"b":{"0":[1,0],"1":[0,0],"2":[0,0],"3":[0,0],"4":[0,0],"5":[0,0],"6":[0,0],"7":[0,0],"8":[0,0],"9":[0,0],"10":[0,0],"11":[0,0]},"_coverageSchema":"1a1c01bbd47fc00a2c39e90264f33305004495a9","hash":"3b047e5e14e0f5c710fca8c0debad97e6ec1618f"}
}
