TN:
SF:Users.js
FNF:0
FNH:0
DA:1,2
DA:8,2
DA:64,2
LF:3
LH:3
BRF:0
BRH:0
end_of_record
TN:
SF:history.js
FNF:0
FNH:0
DA:1,1
DA:3,1
DA:14,1
LF:3
LH:3
BRF:0
BRH:0
end_of_record
TN:
SF:passport-config.js
FN:8,initialize
FN:11,(anonymous_1)
FN:51,(anonymous_2)
FN:52,(anonymous_3)
FNF:4
FNH:1
FNDA:1,initialize
FNDA:0,(anonymous_1)
FNDA:0,(anonymous_2)
FNDA:0,(anonymous_3)
DA:1,1
DA:2,1
DA:3,1
DA:4,1
DA:5,1
DA:10,1
DA:11,1
DA:18,0
DA:19,0
DA:20,0
DA:25,0
DA:29,0
DA:31,0
DA:32,0
DA:33,0
DA:34,0
DA:37,0
DA:38,0
DA:39,0
DA:42,0
DA:45,0
DA:46,0
DA:50,1
DA:51,1
DA:52,1
DA:53,0
DA:57,1
LF:27
LH:11
BRDA:25,0,0,0
BRDA:25,0,1,0
BRDA:38,1,0,0
BRDA:38,1,1,0
BRF:4
BRH:0
end_of_record
TN:
SF:setting.js
FN:60,(anonymous_0)
FN:66,(anonymous_1)
FN:87,(anonymous_2)
FN:90,(anonymous_3)
FN:95,(anonymous_4)
FN:100,(anonymous_5)
FN:105,(anonymous_6)
FN:110,(anonymous_7)
FN:115,(anonymous_8)
FN:120,(anonymous_9)
FN:126,(anonymous_10)
FN:131,(anonymous_11)
FN:136,(anonymous_12)
FN:141,(anonymous_13)
FN:151,(anonymous_14)
FNF:15
FNH:0
FNDA:0,(anonymous_0)
FNDA:0,(anonymous_1)
FNDA:0,(anonymous_2)
FNDA:0,(anonymous_3)
FNDA:0,(anonymous_4)
FNDA:0,(anonymous_5)
FNDA:0,(anonymous_6)
FNDA:0,(anonymous_7)
FNDA:0,(anonymous_8)
FNDA:0,(anonymous_9)
FNDA:0,(anonymous_10)
FNDA:0,(anonymous_11)
FNDA:0,(anonymous_12)
FNDA:0,(anonymous_13)
FNDA:0,(anonymous_14)
DA:1,1
DA:2,1
DA:8,1
DA:9,1
DA:12,1
DA:13,1
DA:14,1
DA:15,1
DA:16,1
DA:18,1
DA:19,1
DA:20,1
DA:22,1
DA:25,1
DA:26,1
DA:31,1
DA:41,1
DA:42,1
DA:43,1
DA:49,1
DA:50,1
DA:51,1
DA:52,1
DA:53,1
DA:54,1
DA:55,1
DA:60,1
DA:61,0
DA:65,0
DA:66,0
DA:67,0
DA:69,0
DA:87,1
DA:88,0
DA:89,0
DA:90,0
DA:91,0
DA:94,0
DA:95,0
DA:96,0
DA:99,0
DA:100,0
DA:101,0
DA:104,0
DA:105,0
DA:106,0
DA:109,0
DA:110,0
DA:111,0
DA:114,0
DA:115,0
DA:116,0
DA:119,0
DA:120,0
DA:121,0
DA:124,0
DA:125,0
DA:126,0
DA:127,0
DA:130,0
DA:131,0
DA:132,0
DA:135,0
DA:136,0
DA:137,0
DA:140,0
DA:141,0
DA:142,0
DA:146,0
DA:151,1
LF:70
LH:29
BRDA:1,0,0,1
BRDA:1,0,1,0
BRDA:89,1,0,0
BRDA:89,1,1,0
BRDA:94,2,0,0
BRDA:94,2,1,0
BRDA:99,3,0,0
BRDA:99,3,1,0
BRDA:104,4,0,0
BRDA:104,4,1,0
BRDA:109,5,0,0
BRDA:109,5,1,0
BRDA:114,6,0,0
BRDA:114,6,1,0
BRDA:119,7,0,0
BRDA:119,7,1,0
BRDA:124,8,0,0
BRDA:124,8,1,0
BRDA:130,9,0,0
BRDA:130,9,1,0
BRDA:135,10,0,0
BRDA:135,10,1,0
BRDA:140,11,0,0
BRDA:140,11,1,0
BRF:24
BRH:1
end_of_record
